# JRE version: OpenJDK Runtime Environment Temurin-17.0.13+11 (17.0.13+11) (build 17.0.13+11)
# Java VM: OpenJDK 64-Bit Server VM Temurin-17.0.13+11 (17.0.13+11, mixed mode, tiered, compressed oops, compressed class ptrs, parallel gc, windows-amd64)
GC Precious Log:
 CPUs: 4 total, 4 available
 Memory: 3522M
 Large Page Support: Disabled
 NUMA Support: Disabled
 Compressed Oops: Enabled (32-bit)
 Alignments: Space 512K, Generation 512K, Heap 2M
 Heap Min Capacity: 100M
 Heap Initial Capacity: 100M
 Heap Max Capacity: 1G
 Pre-touch: Disabled
 Parallel Workers: 4
Heap:
 PSYoungGen      total 23552K, used 4963K [0x00000000eab00000, 0x00000000ec400000, 0x0000000100000000)
  eden space 22016K, 18% used [0x00000000eab00000,0x00000000eaef0da8,0x00000000ec080000)
  from space 1536K, 60% used [0x00000000ec180000,0x00000000ec268000,0x00000000ec300000)
  to   space 1024K, 0% used [0x00000000ec300000,0x00000000ec300000,0x00000000ec400000)
 ParOldGen       total 68608K, used 22877K [0x00000000c0000000, 0x00000000c4300000, 0x00000000eab00000)
  object space 68608K, 33% used [0x00000000c0000000,0x00000000c16575c8,0x00000000c4300000)
 Metaspace       used 46684K, committed 47552K, reserved 1114112K
  class space    used 4638K, committed 5056K, reserved 1048576K
GC Heap History (20 events):
Event: 13.286 GC heap before
{Heap before GC invocations=10 (full 1):
 PSYoungGen      total 25600K, used 16432K [0x00000000eab00000, 0x00000000ecb00000, 0x0000000100000000)
  eden space 23552K, 61% used [0x00000000eab00000,0x00000000eb910800,0x00000000ec200000)
  from space 2048K, 99% used [0x00000000ec680000,0x00000000ec87b890,0x00000000ec880000)
  to   space 4608K, 0% used [0x00000000ec200000,0x00000000ec200000,0x00000000ec680000)
 ParOldGen       total 68608K, used 10825K [0x00000000c0000000, 0x00000000c4300000, 0x00000000eab00000)
  object space 68608K, 15% used [0x00000000c0000000,0x00000000c0a92710,0x00000000c4300000)
 Metaspace       used 35140K, committed 35840K, reserved 1114112K
  class space    used 3438K, committed 3776K, reserved 1048576K
}
Event: 13.292 GC heap after
{Heap after GC invocations=10 (full 1):
 PSYoungGen      total 25600K, used 1902K [0x00000000eab00000, 0x00000000ec800000, 0x0000000100000000)
  eden space 23552K, 0% used [0x00000000eab00000,0x00000000eab00000,0x00000000ec200000)
  from space 2048K, 92% used [0x00000000ec200000,0x00000000ec3db8b0,0x00000000ec400000)
  to   space 3072K, 0% used [0x00000000ec500000,0x00000000ec500000,0x00000000ec800000)
 ParOldGen       total 68608K, used 11454K [0x00000000c0000000, 0x00000000c4300000, 0x00000000eab00000)
  object space 68608K, 16% used [0x00000000c0000000,0x00000000c0b2f808,0x00000000c4300000)
 Metaspace       used 35140K, committed 35840K, reserved 1114112K
  class space    used 3438K, committed 3776K, reserved 1048576K
}
Event: 13.292 GC heap before
{Heap before GC invocations=11 (full 2):
 PSYoungGen      total 25600K, used 1902K [0x00000000eab00000, 0x00000000ec800000, 0x0000000100000000)
  eden space 23552K, 0% used [0x00000000eab00000,0x00000000eab00000,0x00000000ec200000)
  from space 2048K, 92% used [0x00000000ec200000,0x00000000ec3db8b0,0x00000000ec400000)
  to   space 3072K, 0% used [0x00000000ec500000,0x00000000ec500000,0x00000000ec800000)
 ParOldGen       total 68608K, used 11454K [0x00000000c0000000, 0x00000000c4300000, 0x00000000eab00000)
  object space 68608K, 16% used [0x00000000c0000000,0x00000000c0b2f808,0x00000000c4300000)
 Metaspace       used 35140K, committed 35840K, reserved 1114112K
  class space    used 3438K, committed 3776K, reserved 1048576K
}
Event: 13.336 GC heap after
{Heap after GC invocations=11 (full 2):
 PSYoungGen      total 25600K, used 0K [0x00000000eab00000, 0x00000000ec800000, 0x0000000100000000)
  eden space 23552K, 0% used [0x00000000eab00000,0x00000000eab00000,0x00000000ec200000)
  from space 2048K, 0% used [0x00000000ec200000,0x00000000ec200000,0x00000000ec400000)
  to   space 3072K, 0% used [0x00000000ec500000,0x00000000ec500000,0x00000000ec800000)
 ParOldGen       total 68608K, used 13138K [0x00000000c0000000, 0x00000000c4300000, 0x00000000eab00000)
  object space 68608K, 19% used [0x00000000c0000000,0x00000000c0cd4ab0,0x00000000c4300000)
 Metaspace       used 35140K, committed 35840K, reserved 1114112K
  class space    used 3438K, committed 3776K, reserved 1048576K
}
Event: 16.474 GC heap before
{Heap before GC invocations=12 (full 2):
 PSYoungGen      total 25600K, used 23552K [0x00000000eab00000, 0x00000000ec800000, 0x0000000100000000)
  eden space 23552K, 100% used [0x00000000eab00000,0x00000000ec200000,0x00000000ec200000)
  from space 2048K, 0% used [0x00000000ec200000,0x00000000ec200000,0x00000000ec400000)
  to   space 3072K, 0% used [0x00000000ec500000,0x00000000ec500000,0x00000000ec800000)
 ParOldGen       total 68608K, used 13138K [0x00000000c0000000, 0x00000000c4300000, 0x00000000eab00000)
  object space 68608K, 19% used [0x00000000c0000000,0x00000000c0cd4ab0,0x00000000c4300000)
 Metaspace       used 38511K, committed 39232K, reserved 1114112K
  class space    used 3834K, committed 4160K, reserved 1048576K
}
Event: 16.480 GC heap after
{Heap after GC invocations=12 (full 2):
 PSYoungGen      total 24576K, used 1488K [0x00000000eab00000, 0x00000000ec680000, 0x0000000100000000)
  eden space 23040K, 0% used [0x00000000eab00000,0x00000000eab00000,0x00000000ec180000)
  from space 1536K, 96% used [0x00000000ec500000,0x00000000ec674010,0x00000000ec680000)
  to   space 2048K, 0% used [0x00000000ec280000,0x00000000ec280000,0x00000000ec480000)
 ParOldGen       total 68608K, used 13146K [0x00000000c0000000, 0x00000000c4300000, 0x00000000eab00000)
  object space 68608K, 19% used [0x00000000c0000000,0x00000000c0cd6ab0,0x00000000c4300000)
 Metaspace       used 38511K, committed 39232K, reserved 1114112K
  class space    used 3834K, committed 4160K, reserved 1048576K
}
Event: 17.800 GC heap before
{Heap before GC invocations=13 (full 2):
 PSYoungGen      total 24576K, used 24528K [0x00000000eab00000, 0x00000000ec680000, 0x0000000100000000)
  eden space 23040K, 100% used [0x00000000eab00000,0x00000000ec180000,0x00000000ec180000)
  from space 1536K, 96% used [0x00000000ec500000,0x00000000ec674010,0x00000000ec680000)
  to   space 2048K, 0% used [0x00000000ec280000,0x00000000ec280000,0x00000000ec480000)
 ParOldGen       total 68608K, used 13146K [0x00000000c0000000, 0x00000000c4300000, 0x00000000eab00000)
  object space 68608K, 19% used [0x00000000c0000000,0x00000000c0cd6ab0,0x00000000c4300000)
 Metaspace       used 39266K, committed 40128K, reserved 1114112K
  class space    used 3925K, committed 4352K, reserved 1048576K
}
Event: 17.808 GC heap after
{Heap after GC invocations=13 (full 2):
 PSYoungGen      total 24576K, used 2033K [0x00000000eab00000, 0x00000000ec900000, 0x0000000100000000)
  eden space 22528K, 0% used [0x00000000eab00000,0x00000000eab00000,0x00000000ec100000)
  from space 2048K, 99% used [0x00000000ec280000,0x00000000ec47c440,0x00000000ec480000)
  to   space 4096K, 0% used [0x00000000ec500000,0x00000000ec500000,0x00000000ec900000)
 ParOldGen       total 68608K, used 14705K [0x00000000c0000000, 0x00000000c4300000, 0x00000000eab00000)
  object space 68608K, 21% used [0x00000000c0000000,0x00000000c0e5c660,0x00000000c4300000)
 Metaspace       used 39266K, committed 40128K, reserved 1114112K
  class space    used 3925K, committed 4352K, reserved 1048576K
}
Event: 18.639 GC heap before
{Heap before GC invocations=14 (full 2):
 PSYoungGen      total 24576K, used 24561K [0x00000000eab00000, 0x00000000ec900000, 0x0000000100000000)
  eden space 22528K, 100% used [0x00000000eab00000,0x00000000ec100000,0x00000000ec100000)
  from space 2048K, 99% used [0x00000000ec280000,0x00000000ec47c440,0x00000000ec480000)
  to   space 4096K, 0% used [0x00000000ec500000,0x00000000ec500000,0x00000000ec900000)
 ParOldGen       total 68608K, used 14705K [0x00000000c0000000, 0x00000000c4300000, 0x00000000eab00000)
  object space 68608K, 21% used [0x00000000c0000000,0x00000000c0e5c660,0x00000000c4300000)
 Metaspace       used 39341K, committed 40256K, reserved 1114112K
  class space    used 3926K, committed 4352K, reserved 1048576K
}
Event: 18.652 GC heap after
{Heap after GC invocations=14 (full 2):
 PSYoungGen      total 24576K, used 2242K [0x00000000eab00000, 0x00000000ec780000, 0x0000000100000000)
  eden space 22016K, 0% used [0x00000000eab00000,0x00000000eab00000,0x00000000ec080000)
  from space 2560K, 87% used [0x00000000ec500000,0x00000000ec730800,0x00000000ec780000)
  to   space 3072K, 0% used [0x00000000ec180000,0x00000000ec180000,0x00000000ec480000)
 ParOldGen       total 68608K, used 16697K [0x00000000c0000000, 0x00000000c4300000, 0x00000000eab00000)
  object space 68608K, 24% used [0x00000000c0000000,0x00000000c104e6b0,0x00000000c4300000)
 Metaspace       used 39341K, committed 40256K, reserved 1114112K
  class space    used 3926K, committed 4352K, reserved 1048576K
}
Event: 21.308 GC heap before
{Heap before GC invocations=15 (full 2):
 PSYoungGen      total 24576K, used 24258K [0x00000000eab00000, 0x00000000ec780000, 0x0000000100000000)
  eden space 22016K, 100% used [0x00000000eab00000,0x00000000ec080000,0x00000000ec080000)
  from space 2560K, 87% used [0x00000000ec500000,0x00000000ec730800,0x00000000ec780000)
  to   space 3072K, 0% used [0x00000000ec180000,0x00000000ec180000,0x00000000ec480000)
 ParOldGen       total 68608K, used 16697K [0x00000000c0000000, 0x00000000c4300000, 0x00000000eab00000)
  object space 68608K, 24% used [0x00000000c0000000,0x00000000c104e6b0,0x00000000c4300000)
 Metaspace       used 41896K, committed 42816K, reserved 1114112K
  class space    used 4198K, committed 4608K, reserved 1048576K
}
Event: 21.318 GC heap after
{Heap after GC invocations=15 (full 2):
 PSYoungGen      total 24064K, used 1815K [0x00000000eab00000, 0x00000000ec580000, 0x0000000100000000)
  eden space 22016K, 0% used [0x00000000eab00000,0x00000000eab00000,0x00000000ec080000)
  from space 2048K, 88% used [0x00000000ec180000,0x00000000ec345c40,0x00000000ec380000)
  to   space 2048K, 0% used [0x00000000ec380000,0x00000000ec380000,0x00000000ec580000)
 ParOldGen       total 68608K, used 18881K [0x00000000c0000000, 0x00000000c4300000, 0x00000000eab00000)
  object space 68608K, 27% used [0x00000000c0000000,0x00000000c1270730,0x00000000c4300000)
 Metaspace       used 41896K, committed 42816K, reserved 1114112K
  class space    used 4198K, committed 4608K, reserved 1048576K
}
Event: 23.673 GC heap before
{Heap before GC invocations=16 (full 2):
 PSYoungGen      total 24064K, used 23831K [0x00000000eab00000, 0x00000000ec580000, 0x0000000100000000)
  eden space 22016K, 100% used [0x00000000eab00000,0x00000000ec080000,0x00000000ec080000)
  from space 2048K, 88% used [0x00000000ec180000,0x00000000ec345c40,0x00000000ec380000)
  to   space 2048K, 0% used [0x00000000ec380000,0x00000000ec380000,0x00000000ec580000)
 ParOldGen       total 68608K, used 18881K [0x00000000c0000000, 0x00000000c4300000, 0x00000000eab00000)
  object space 68608K, 27% used [0x00000000c0000000,0x00000000c1270730,0x00000000c4300000)
 Metaspace       used 42848K, committed 43648K, reserved 1114112K
  class space    used 4320K, committed 4672K, reserved 1048576K
}
Event: 23.676 GC heap after
{Heap after GC invocations=16 (full 2):
 PSYoungGen      total 22528K, used 320K [0x00000000eab00000, 0x00000000ec400000, 0x0000000100000000)
  eden space 22016K, 0% used [0x00000000eab00000,0x00000000eab00000,0x00000000ec080000)
  from space 512K, 62% used [0x00000000ec380000,0x00000000ec3d0000,0x00000000ec400000)
  to   space 1024K, 0% used [0x00000000ec200000,0x00000000ec200000,0x00000000ec300000)
 ParOldGen       total 68608K, used 20511K [0x00000000c0000000, 0x00000000c4300000, 0x00000000eab00000)
  object space 68608K, 29% used [0x00000000c0000000,0x00000000c1407d78,0x00000000c4300000)
 Metaspace       used 42848K, committed 43648K, reserved 1114112K
  class space    used 4320K, committed 4672K, reserved 1048576K
}
Event: 26.732 GC heap before
{Heap before GC invocations=17 (full 2):
 PSYoungGen      total 22528K, used 22315K [0x00000000eab00000, 0x00000000ec400000, 0x0000000100000000)
  eden space 22016K, 99% used [0x00000000eab00000,0x00000000ec07ad40,0x00000000ec080000)
  from space 512K, 62% used [0x00000000ec380000,0x00000000ec3d0000,0x00000000ec400000)
  to   space 1024K, 0% used [0x00000000ec200000,0x00000000ec200000,0x00000000ec300000)
 ParOldGen       total 68608K, used 20511K [0x00000000c0000000, 0x00000000c4300000, 0x00000000eab00000)
  object space 68608K, 29% used [0x00000000c0000000,0x00000000c1407d78,0x00000000c4300000)
 Metaspace       used 44965K, committed 45824K, reserved 1114112K
  class space    used 4486K, committed 4864K, reserved 1048576K
}
Event: 26.738 GC heap after
{Heap after GC invocations=17 (full 2):
 PSYoungGen      total 23040K, used 1021K [0x00000000eab00000, 0x00000000ec680000, 0x0000000100000000)
  eden space 22016K, 0% used [0x00000000eab00000,0x00000000eab00000,0x00000000ec080000)
  from space 1024K, 99% used [0x00000000ec200000,0x00000000ec2ff778,0x00000000ec300000)
  to   space 3072K, 0% used [0x00000000ec380000,0x00000000ec380000,0x00000000ec680000)
 ParOldGen       total 68608K, used 21818K [0x00000000c0000000, 0x00000000c4300000, 0x00000000eab00000)
  object space 68608K, 31% used [0x00000000c0000000,0x00000000c154eba8,0x00000000c4300000)
 Metaspace       used 44965K, committed 45824K, reserved 1114112K
  class space    used 4486K, committed 4864K, reserved 1048576K
}
Event: 27.276 GC heap before
{Heap before GC invocations=18 (full 2):
 PSYoungGen      total 23040K, used 23037K [0x00000000eab00000, 0x00000000ec680000, 0x0000000100000000)
  eden space 22016K, 100% used [0x00000000eab00000,0x00000000ec080000,0x00000000ec080000)
  from space 1024K, 99% used [0x00000000ec200000,0x00000000ec2ff778,0x00000000ec300000)
  to   space 3072K, 0% used [0x00000000ec380000,0x00000000ec380000,0x00000000ec680000)
 ParOldGen       total 68608K, used 21818K [0x00000000c0000000, 0x00000000c4300000, 0x00000000eab00000)
  object space 68608K, 31% used [0x00000000c0000000,0x00000000c154eba8,0x00000000c4300000)
 Metaspace       used 44997K, committed 45824K, reserved 1114112K
  class space    used 4486K, committed 4864K, reserved 1048576K
}
Event: 27.281 GC heap after
{Heap after GC invocations=18 (full 2):
 PSYoungGen      total 23040K, used 854K [0x00000000eab00000, 0x00000000ec480000, 0x0000000100000000)
  eden space 22016K, 0% used [0x00000000eab00000,0x00000000eab00000,0x00000000ec080000)
  from space 1024K, 83% used [0x00000000ec380000,0x00000000ec455a48,0x00000000ec480000)
  to   space 1536K, 0% used [0x00000000ec180000,0x00000000ec180000,0x00000000ec300000)
 ParOldGen       total 68608K, used 22853K [0x00000000c0000000, 0x00000000c4300000, 0x00000000eab00000)
  object space 68608K, 33% used [0x00000000c0000000,0x00000000c16515c8,0x00000000c4300000)
 Metaspace       used 44997K, committed 45824K, reserved 1114112K
  class space    used 4486K, committed 4864K, reserved 1048576K
}
Event: 28.800 GC heap before
{Heap before GC invocations=19 (full 2):
 PSYoungGen      total 23040K, used 22870K [0x00000000eab00000, 0x00000000ec480000, 0x0000000100000000)
  eden space 22016K, 100% used [0x00000000eab00000,0x00000000ec080000,0x00000000ec080000)
  from space 1024K, 83% used [0x00000000ec380000,0x00000000ec455a48,0x00000000ec480000)
  to   space 1536K, 0% used [0x00000000ec180000,0x00000000ec180000,0x00000000ec300000)
 ParOldGen       total 68608K, used 22853K [0x00000000c0000000, 0x00000000c4300000, 0x00000000eab00000)
  object space 68608K, 33% used [0x00000000c0000000,0x00000000c16515c8,0x00000000c4300000)
 Metaspace       used 46375K, committed 47232K, reserved 1114112K
  class space    used 4615K, committed 4992K, reserved 1048576K
}
Event: 28.803 GC heap after
{Heap after GC invocations=19 (full 2):
 PSYoungGen      total 23552K, used 928K [0x00000000eab00000, 0x00000000ec400000, 0x0000000100000000)
  eden space 22016K, 0% used [0x00000000eab00000,0x00000000eab00000,0x00000000ec080000)
  from space 1536K, 60% used [0x00000000ec180000,0x00000000ec268000,0x00000000ec300000)
  to   space 1024K, 0% used [0x00000000ec300000,0x00000000ec300000,0x00000000ec400000)
 ParOldGen       total 68608K, used 22877K [0x00000000c0000000, 0x00000000c4300000, 0x00000000eab00000)
  object space 68608K, 33% used [0x00000000c0000000,0x00000000c16575c8,0x00000000c4300000)
 Metaspace       used 46375K, committed 47232K, reserved 1114112K
  class space    used 4615K, committed 4992K, reserved 1048576K
}

