# JRE version: OpenJDK Runtime Environment Temurin-17.0.13+11 (17.0.13+11) (build 17.0.13+11)
# Java VM: OpenJDK 64-Bit Server VM Temurin-17.0.13+11 (17.0.13+11, mixed mode, tiered, compressed oops, compressed class ptrs, parallel gc, windows-amd64)
GC Precious Log:
 CPUs: 4 total, 4 available
 Memory: 3522M
 Large Page Support: Disabled
 NUMA Support: Disabled
 Compressed Oops: Enabled (32-bit)
 Alignments: Space 512K, Generation 512K, Heap 2M
 Heap Min Capacity: 100M
 Heap Initial Capacity: 100M
 Heap Max Capacity: 1G
 Pre-touch: Disabled
 Parallel Workers: 4
Heap:
 PSYoungGen      total 23552K, used 12324K [0x00000000eab00000, 0x00000000ec680000, 0x0000000100000000)
  eden space 22016K, 51% used [0x00000000eab00000,0x00000000eb5f91e0,0x00000000ec080000)
  from space 1536K, 70% used [0x00000000ec180000,0x00000000ec290000,0x00000000ec300000)
  to   space 2048K, 0% used [0x00000000ec480000,0x00000000ec480000,0x00000000ec680000)
 ParOldGen       total 68608K, used 24619K [0x00000000c0000000, 0x00000000c4300000, 0x00000000eab00000)
  object space 68608K, 35% used [0x00000000c0000000,0x00000000c180ae48,0x00000000c4300000)
 Metaspace       used 56428K, committed 57280K, reserved 1114112K
  class space    used 6145K, committed 6528K, reserved 1048576K
GC Heap History (20 events):
Event: 14.293 GC heap before
{Heap before GC invocations=14 (full 2):
 PSYoungGen      total 25600K, used 23040K [0x00000000eab00000, 0x00000000ec700000, 0x0000000100000000)
  eden space 23040K, 100% used [0x00000000eab00000,0x00000000ec180000,0x00000000ec180000)
  from space 2560K, 0% used [0x00000000ec380000,0x00000000ec380000,0x00000000ec600000)
  to   space 1024K, 0% used [0x00000000ec600000,0x00000000ec600000,0x00000000ec700000)
 ParOldGen       total 68608K, used 14325K [0x00000000c0000000, 0x00000000c4300000, 0x00000000eab00000)
  object space 68608K, 20% used [0x00000000c0000000,0x00000000c0dfd658,0x00000000c4300000)
 Metaspace       used 36842K, committed 37568K, reserved 1114112K
  class space    used 3731K, committed 4032K, reserved 1048576K
}
Event: 14.295 GC heap after
{Heap after GC invocations=14 (full 2):
 PSYoungGen      total 23552K, used 908K [0x00000000eab00000, 0x00000000ec700000, 0x0000000100000000)
  eden space 22528K, 0% used [0x00000000eab00000,0x00000000eab00000,0x00000000ec100000)
  from space 1024K, 88% used [0x00000000ec600000,0x00000000ec6e3048,0x00000000ec700000)
  to   space 1536K, 0% used [0x00000000ec400000,0x00000000ec400000,0x00000000ec580000)
 ParOldGen       total 68608K, used 14333K [0x00000000c0000000, 0x00000000c4300000, 0x00000000eab00000)
  object space 68608K, 20% used [0x00000000c0000000,0x00000000c0dff658,0x00000000c4300000)
 Metaspace       used 36842K, committed 37568K, reserved 1114112K
  class space    used 3731K, committed 4032K, reserved 1048576K
}
Event: 15.347 GC heap before
{Heap before GC invocations=15 (full 2):
 PSYoungGen      total 23552K, used 23436K [0x00000000eab00000, 0x00000000ec700000, 0x0000000100000000)
  eden space 22528K, 100% used [0x00000000eab00000,0x00000000ec100000,0x00000000ec100000)
  from space 1024K, 88% used [0x00000000ec600000,0x00000000ec6e3048,0x00000000ec700000)
  to   space 1536K, 0% used [0x00000000ec400000,0x00000000ec400000,0x00000000ec580000)
 ParOldGen       total 68608K, used 14333K [0x00000000c0000000, 0x00000000c4300000, 0x00000000eab00000)
  object space 68608K, 20% used [0x00000000c0000000,0x00000000c0dff658,0x00000000c4300000)
 Metaspace       used 39843K, committed 40640K, reserved 1114112K
  class space    used 4102K, committed 4416K, reserved 1048576K
}
Event: 15.349 GC heap after
{Heap after GC invocations=15 (full 2):
 PSYoungGen      total 23552K, used 784K [0x00000000eab00000, 0x00000000ec680000, 0x0000000100000000)
  eden space 22016K, 0% used [0x00000000eab00000,0x00000000eab00000,0x00000000ec080000)
  from space 1536K, 51% used [0x00000000ec400000,0x00000000ec4c4010,0x00000000ec580000)
  to   space 1024K, 0% used [0x00000000ec580000,0x00000000ec580000,0x00000000ec680000)
 ParOldGen       total 68608K, used 15125K [0x00000000c0000000, 0x00000000c4300000, 0x00000000eab00000)
  object space 68608K, 22% used [0x00000000c0000000,0x00000000c0ec5438,0x00000000c4300000)
 Metaspace       used 39843K, committed 40640K, reserved 1114112K
  class space    used 4102K, committed 4416K, reserved 1048576K
}
Event: 16.095 GC heap before
{Heap before GC invocations=16 (full 2):
 PSYoungGen      total 23552K, used 22791K [0x00000000eab00000, 0x00000000ec680000, 0x0000000100000000)
  eden space 22016K, 99% used [0x00000000eab00000,0x00000000ec07dea0,0x00000000ec080000)
  from space 1536K, 51% used [0x00000000ec400000,0x00000000ec4c4010,0x00000000ec580000)
  to   space 1024K, 0% used [0x00000000ec580000,0x00000000ec580000,0x00000000ec680000)
 ParOldGen       total 68608K, used 15125K [0x00000000c0000000, 0x00000000c4300000, 0x00000000eab00000)
  object space 68608K, 22% used [0x00000000c0000000,0x00000000c0ec5438,0x00000000c4300000)
 Metaspace       used 42628K, committed 43392K, reserved 1114112K
  class space    used 4449K, committed 4736K, reserved 1048576K
}
Event: 16.099 GC heap after
{Heap after GC invocations=16 (full 2):
 PSYoungGen      total 23040K, used 996K [0x00000000eab00000, 0x00000000ec680000, 0x0000000100000000)
  eden space 22016K, 0% used [0x00000000eab00000,0x00000000eab00000,0x00000000ec080000)
  from space 1024K, 97% used [0x00000000ec580000,0x00000000ec6793c0,0x00000000ec680000)
  to   space 2560K, 0% used [0x00000000ec180000,0x00000000ec180000,0x00000000ec400000)
 ParOldGen       total 68608K, used 16021K [0x00000000c0000000, 0x00000000c4300000, 0x00000000eab00000)
  object space 68608K, 23% used [0x00000000c0000000,0x00000000c0fa5448,0x00000000c4300000)
 Metaspace       used 42628K, committed 43392K, reserved 1114112K
  class space    used 4449K, committed 4736K, reserved 1048576K
}
Event: 17.066 GC heap before
{Heap before GC invocations=17 (full 2):
 PSYoungGen      total 23040K, used 23012K [0x00000000eab00000, 0x00000000ec680000, 0x0000000100000000)
  eden space 22016K, 100% used [0x00000000eab00000,0x00000000ec080000,0x00000000ec080000)
  from space 1024K, 97% used [0x00000000ec580000,0x00000000ec6793c0,0x00000000ec680000)
  to   space 2560K, 0% used [0x00000000ec180000,0x00000000ec180000,0x00000000ec400000)
 ParOldGen       total 68608K, used 16021K [0x00000000c0000000, 0x00000000c4300000, 0x00000000eab00000)
  object space 68608K, 23% used [0x00000000c0000000,0x00000000c0fa5448,0x00000000c4300000)
 Metaspace       used 45568K, committed 46400K, reserved 1114112K
  class space    used 4800K, committed 5120K, reserved 1048576K
}
Event: 17.070 GC heap after
{Heap after GC invocations=17 (full 2):
 PSYoungGen      total 24576K, used 947K [0x00000000eab00000, 0x00000000ec600000, 0x0000000100000000)
  eden space 22016K, 0% used [0x00000000eab00000,0x00000000eab00000,0x00000000ec080000)
  from space 2560K, 37% used [0x00000000ec180000,0x00000000ec26cf38,0x00000000ec400000)
  to   space 1536K, 0% used [0x00000000ec480000,0x00000000ec480000,0x00000000ec600000)
 ParOldGen       total 68608K, used 16967K [0x00000000c0000000, 0x00000000c4300000, 0x00000000eab00000)
  object space 68608K, 24% used [0x00000000c0000000,0x00000000c1091d20,0x00000000c4300000)
 Metaspace       used 45568K, committed 46400K, reserved 1114112K
  class space    used 4800K, committed 5120K, reserved 1048576K
}
Event: 19.008 GC heap before
{Heap before GC invocations=18 (full 2):
 PSYoungGen      total 24576K, used 22963K [0x00000000eab00000, 0x00000000ec600000, 0x0000000100000000)
  eden space 22016K, 100% used [0x00000000eab00000,0x00000000ec080000,0x00000000ec080000)
  from space 2560K, 37% used [0x00000000ec180000,0x00000000ec26cf38,0x00000000ec400000)
  to   space 1536K, 0% used [0x00000000ec480000,0x00000000ec480000,0x00000000ec600000)
 ParOldGen       total 68608K, used 16967K [0x00000000c0000000, 0x00000000c4300000, 0x00000000eab00000)
  object space 68608K, 24% used [0x00000000c0000000,0x00000000c1091d20,0x00000000c4300000)
 Metaspace       used 48272K, committed 49216K, reserved 1114112K
  class space    used 5189K, committed 5568K, reserved 1048576K
}
Event: 19.017 GC heap after
{Heap after GC invocations=18 (full 2):
 PSYoungGen      total 23040K, used 960K [0x00000000eab00000, 0x00000000ec580000, 0x0000000100000000)
  eden space 22016K, 0% used [0x00000000eab00000,0x00000000eab00000,0x00000000ec080000)
  from space 1024K, 93% used [0x00000000ec480000,0x00000000ec570000,0x00000000ec580000)
  to   space 1024K, 0% used [0x00000000ec380000,0x00000000ec380000,0x00000000ec480000)
 ParOldGen       total 68608K, used 17829K [0x00000000c0000000, 0x00000000c4300000, 0x00000000eab00000)
  object space 68608K, 25% used [0x00000000c0000000,0x00000000c1169450,0x00000000c4300000)
 Metaspace       used 48272K, committed 49216K, reserved 1114112K
  class space    used 5189K, committed 5568K, reserved 1048576K
}
Event: 21.586 GC heap before
{Heap before GC invocations=19 (full 2):
 PSYoungGen      total 23040K, used 22976K [0x00000000eab00000, 0x00000000ec580000, 0x0000000100000000)
  eden space 22016K, 100% used [0x00000000eab00000,0x00000000ec080000,0x00000000ec080000)
  from space 1024K, 93% used [0x00000000ec480000,0x00000000ec570000,0x00000000ec580000)
  to   space 1024K, 0% used [0x00000000ec380000,0x00000000ec380000,0x00000000ec480000)
 ParOldGen       total 68608K, used 17829K [0x00000000c0000000, 0x00000000c4300000, 0x00000000eab00000)
  object space 68608K, 25% used [0x00000000c0000000,0x00000000c1169450,0x00000000c4300000)
 Metaspace       used 51408K, committed 52288K, reserved 1114112K
  class space    used 5547K, committed 5952K, reserved 1048576K
}
Event: 21.596 GC heap after
{Heap after GC invocations=19 (full 2):
 PSYoungGen      total 23040K, used 999K [0x00000000eab00000, 0x00000000ec780000, 0x0000000100000000)
  eden space 22016K, 0% used [0x00000000eab00000,0x00000000eab00000,0x00000000ec080000)
  from space 1024K, 97% used [0x00000000ec380000,0x00000000ec479c50,0x00000000ec480000)
  to   space 3072K, 0% used [0x00000000ec480000,0x00000000ec480000,0x00000000ec780000)
 ParOldGen       total 68608K, used 19694K [0x00000000c0000000, 0x00000000c4300000, 0x00000000eab00000)
  object space 68608K, 28% used [0x00000000c0000000,0x00000000c133bbb0,0x00000000c4300000)
 Metaspace       used 51408K, committed 52288K, reserved 1114112K
  class space    used 5547K, committed 5952K, reserved 1048576K
}
Event: 24.018 GC heap before
{Heap before GC invocations=20 (full 2):
 PSYoungGen      total 23040K, used 23015K [0x00000000eab00000, 0x00000000ec780000, 0x0000000100000000)
  eden space 22016K, 100% used [0x00000000eab00000,0x00000000ec080000,0x00000000ec080000)
  from space 1024K, 97% used [0x00000000ec380000,0x00000000ec479c50,0x00000000ec480000)
  to   space 3072K, 0% used [0x00000000ec480000,0x00000000ec480000,0x00000000ec780000)
 ParOldGen       total 68608K, used 19694K [0x00000000c0000000, 0x00000000c4300000, 0x00000000eab00000)
  object space 68608K, 28% used [0x00000000c0000000,0x00000000c133bbb0,0x00000000c4300000)
 Metaspace       used 54116K, committed 55040K, reserved 1114112K
  class space    used 5893K, committed 6336K, reserved 1048576K
}
Event: 24.025 GC heap after
{Heap after GC invocations=20 (full 2):
 PSYoungGen      total 24576K, used 2163K [0x00000000eab00000, 0x00000000ec700000, 0x0000000100000000)
  eden space 22016K, 0% used [0x00000000eab00000,0x00000000eab00000,0x00000000ec080000)
  from space 2560K, 84% used [0x00000000ec480000,0x00000000ec69cfb0,0x00000000ec700000)
  to   space 2560K, 0% used [0x00000000ec200000,0x00000000ec200000,0x00000000ec480000)
 ParOldGen       total 68608K, used 20701K [0x00000000c0000000, 0x00000000c4300000, 0x00000000eab00000)
  object space 68608K, 30% used [0x00000000c0000000,0x00000000c1437498,0x00000000c4300000)
 Metaspace       used 54116K, committed 55040K, reserved 1114112K
  class space    used 5893K, committed 6336K, reserved 1048576K
}
Event: 26.924 GC heap before
{Heap before GC invocations=21 (full 2):
 PSYoungGen      total 24576K, used 24179K [0x00000000eab00000, 0x00000000ec700000, 0x0000000100000000)
  eden space 22016K, 100% used [0x00000000eab00000,0x00000000ec080000,0x00000000ec080000)
  from space 2560K, 84% used [0x00000000ec480000,0x00000000ec69cfb0,0x00000000ec700000)
  to   space 2560K, 0% used [0x00000000ec200000,0x00000000ec200000,0x00000000ec480000)
 ParOldGen       total 68608K, used 20701K [0x00000000c0000000, 0x00000000c4300000, 0x00000000eab00000)
  object space 68608K, 30% used [0x00000000c0000000,0x00000000c1437498,0x00000000c4300000)
 Metaspace       used 55812K, committed 56640K, reserved 1114112K
  class space    used 6077K, committed 6464K, reserved 1048576K
}
Event: 26.935 GC heap after
{Heap after GC invocations=21 (full 2):
 PSYoungGen      total 24576K, used 2552K [0x00000000eab00000, 0x00000000ecb80000, 0x0000000100000000)
  eden space 22016K, 0% used [0x00000000eab00000,0x00000000eab00000,0x00000000ec080000)
  from space 2560K, 99% used [0x00000000ec200000,0x00000000ec47e258,0x00000000ec480000)
  to   space 5632K, 0% used [0x00000000ec600000,0x00000000ec600000,0x00000000ecb80000)
 ParOldGen       total 68608K, used 23230K [0x00000000c0000000, 0x00000000c4300000, 0x00000000eab00000)
  object space 68608K, 33% used [0x00000000c0000000,0x00000000c16af9c8,0x00000000c4300000)
 Metaspace       used 55812K, committed 56640K, reserved 1114112K
  class space    used 6077K, committed 6464K, reserved 1048576K
}
Event: 27.541 GC heap before
{Heap before GC invocations=22 (full 2):
 PSYoungGen      total 24576K, used 24568K [0x00000000eab00000, 0x00000000ecb80000, 0x0000000100000000)
  eden space 22016K, 100% used [0x00000000eab00000,0x00000000ec080000,0x00000000ec080000)
  from space 2560K, 99% used [0x00000000ec200000,0x00000000ec47e258,0x00000000ec480000)
  to   space 5632K, 0% used [0x00000000ec600000,0x00000000ec600000,0x00000000ecb80000)
 ParOldGen       total 68608K, used 23230K [0x00000000c0000000, 0x00000000c4300000, 0x00000000eab00000)
  object space 68608K, 33% used [0x00000000c0000000,0x00000000c16af9c8,0x00000000c4300000)
 Metaspace       used 55918K, committed 56832K, reserved 1114112K
  class space    used 6086K, committed 6464K, reserved 1048576K
}
Event: 27.550 GC heap after
{Heap after GC invocations=22 (full 2):
 PSYoungGen      total 25600K, used 3200K [0x00000000eab00000, 0x00000000ec980000, 0x0000000100000000)
  eden space 22016K, 0% used [0x00000000eab00000,0x00000000eab00000,0x00000000ec080000)
  from space 3584K, 89% used [0x00000000ec600000,0x00000000ec920000,0x00000000ec980000)
  to   space 4096K, 0% used [0x00000000ec180000,0x00000000ec180000,0x00000000ec580000)
 ParOldGen       total 68608K, used 24515K [0x00000000c0000000, 0x00000000c4300000, 0x00000000eab00000)
  object space 68608K, 35% used [0x00000000c0000000,0x00000000c17f0e48,0x00000000c4300000)
 Metaspace       used 55918K, committed 56832K, reserved 1114112K
  class space    used 6086K, committed 6464K, reserved 1048576K
}
Event: 28.449 GC heap before
{Heap before GC invocations=23 (full 2):
 PSYoungGen      total 25600K, used 25216K [0x00000000eab00000, 0x00000000ec980000, 0x0000000100000000)
  eden space 22016K, 100% used [0x00000000eab00000,0x00000000ec080000,0x00000000ec080000)
  from space 3584K, 89% used [0x00000000ec600000,0x00000000ec920000,0x00000000ec980000)
  to   space 4096K, 0% used [0x00000000ec180000,0x00000000ec180000,0x00000000ec580000)
 ParOldGen       total 68608K, used 24515K [0x00000000c0000000, 0x00000000c4300000, 0x00000000eab00000)
  object space 68608K, 35% used [0x00000000c0000000,0x00000000c17f0e48,0x00000000c4300000)
 Metaspace       used 55950K, committed 56832K, reserved 1114112K
  class space    used 6086K, committed 6464K, reserved 1048576K
}
Event: 28.452 GC heap after
{Heap after GC invocations=23 (full 2):
 PSYoungGen      total 23552K, used 1088K [0x00000000eab00000, 0x00000000ec680000, 0x0000000100000000)
  eden space 22016K, 0% used [0x00000000eab00000,0x00000000eab00000,0x00000000ec080000)
  from space 1536K, 70% used [0x00000000ec180000,0x00000000ec290000,0x00000000ec300000)
  to   space 2048K, 0% used [0x00000000ec480000,0x00000000ec480000,0x00000000ec680000)
 ParOldGen       total 68608K, used 24619K [0x00000000c0000000, 0x00000000c4300000, 0x00000000eab00000)
  object space 68608K, 35% used [0x00000000c0000000,0x00000000c180ae48,0x00000000c4300000)
 Metaspace       used 55950K, committed 56832K, reserved 1114112K
  class space    used 6086K, committed 6464K, reserved 1048576K
}

