# JRE version: OpenJDK Runtime Environment Temurin-17.0.13+11 (17.0.13+11) (build 17.0.13+11)
# Java VM: OpenJDK 64-Bit Server VM Temurin-17.0.13+11 (17.0.13+11, mixed mode, tiered, compressed oops, compressed class ptrs, parallel gc, windows-amd64)
GC Precious Log:
 CPUs: 4 total, 4 available
 Memory: 3522M
 Large Page Support: Disabled
 NUMA Support: Disabled
 Compressed Oops: Enabled (32-bit)
 Alignments: Space 512K, Generation 512K, Heap 2M
 Heap Min Capacity: 100M
 Heap Initial Capacity: 100M
 Heap Max Capacity: 1G
 Pre-touch: Disabled
 Parallel Workers: 4
Heap:
 PSYoungGen      total 95232K, used 76206K [0x00000000eab00000, 0x00000000f3600000, 0x0000000100000000)
  eden space 48128K, 62% used [0x00000000eab00000,0x00000000ec826c98,0x00000000eda00000)
  from space 47104K, 98% used [0x00000000f0800000,0x00000000f3544bf8,0x00000000f3600000)
  to   space 47104K, 0% used [0x00000000eda00000,0x00000000eda00000,0x00000000f0800000)
 ParOldGen       total 322560K, used 265827K [0x00000000c0000000, 0x00000000d3b00000, 0x00000000eab00000)
  object space 322560K, 82% used [0x00000000c0000000,0x00000000d0398ed0,0x00000000d3b00000)
 Metaspace       used 67201K, committed 68416K, reserved 1114112K
  class space    used 7138K, committed 7680K, reserved 1048576K
GC Heap History (20 events):
Event: 53.946 GC heap before
{Heap before GC invocations=107 (full 10):
 PSYoungGen      total 57344K, used 57032K [0x00000000eab00000, 0x00000000eff80000, 0x0000000100000000)
  eden space 29184K, 100% used [0x00000000eab00000,0x00000000ec780000,0x00000000ec780000)
  from space 28160K, 98% used [0x00000000ee400000,0x00000000eff32208,0x00000000eff80000)
  to   space 28160K, 0% used [0x00000000ec880000,0x00000000ec880000,0x00000000ee400000)
 ParOldGen       total 322560K, used 197783K [0x00000000c0000000, 0x00000000d3b00000, 0x00000000eab00000)
  object space 322560K, 61% used [0x00000000c0000000,0x00000000cc125da0,0x00000000d3b00000)
 Metaspace       used 67178K, committed 68416K, reserved 1114112K
  class space    used 7137K, committed 7680K, reserved 1048576K
}
Event: 53.972 GC heap after
{Heap after GC invocations=107 (full 10):
 PSYoungGen      total 58368K, used 28159K [0x00000000eab00000, 0x00000000f0d80000, 0x0000000100000000)
  eden space 30208K, 0% used [0x00000000eab00000,0x00000000eab00000,0x00000000ec880000)
  from space 28160K, 99% used [0x00000000ec880000,0x00000000ee3ffd08,0x00000000ee400000)
  to   space 34816K, 0% used [0x00000000eeb80000,0x00000000eeb80000,0x00000000f0d80000)
 ParOldGen       total 322560K, used 203315K [0x00000000c0000000, 0x00000000d3b00000, 0x00000000eab00000)
  object space 322560K, 63% used [0x00000000c0000000,0x00000000cc68cee8,0x00000000d3b00000)
 Metaspace       used 67178K, committed 68416K, reserved 1114112K
  class space    used 7137K, committed 7680K, reserved 1048576K
}
Event: 54.097 GC heap before
{Heap before GC invocations=108 (full 10):
 PSYoungGen      total 58368K, used 58367K [0x00000000eab00000, 0x00000000f0d80000, 0x0000000100000000)
  eden space 30208K, 100% used [0x00000000eab00000,0x00000000ec880000,0x00000000ec880000)
  from space 28160K, 99% used [0x00000000ec880000,0x00000000ee3ffd08,0x00000000ee400000)
  to   space 34816K, 0% used [0x00000000eeb80000,0x00000000eeb80000,0x00000000f0d80000)
 ParOldGen       total 322560K, used 203315K [0x00000000c0000000, 0x00000000d3b00000, 0x00000000eab00000)
  object space 322560K, 63% used [0x00000000c0000000,0x00000000cc68cee8,0x00000000d3b00000)
 Metaspace       used 67178K, committed 68416K, reserved 1114112K
  class space    used 7137K, committed 7680K, reserved 1048576K
}
Event: 54.127 GC heap after
{Heap after GC invocations=108 (full 10):
 PSYoungGen      total 58880K, used 26418K [0x00000000eab00000, 0x00000000f0580000, 0x0000000100000000)
  eden space 32256K, 0% used [0x00000000eab00000,0x00000000eab00000,0x00000000eca80000)
  from space 26624K, 99% used [0x00000000eeb80000,0x00000000f054c958,0x00000000f0580000)
  to   space 29184K, 0% used [0x00000000ecc80000,0x00000000ecc80000,0x00000000ee900000)
 ParOldGen       total 322560K, used 211632K [0x00000000c0000000, 0x00000000d3b00000, 0x00000000eab00000)
  object space 322560K, 65% used [0x00000000c0000000,0x00000000cceac0b0,0x00000000d3b00000)
 Metaspace       used 67178K, committed 68416K, reserved 1114112K
  class space    used 7137K, committed 7680K, reserved 1048576K
}
Event: 54.250 GC heap before
{Heap before GC invocations=109 (full 10):
 PSYoungGen      total 58880K, used 58674K [0x00000000eab00000, 0x00000000f0580000, 0x0000000100000000)
  eden space 32256K, 100% used [0x00000000eab00000,0x00000000eca80000,0x00000000eca80000)
  from space 26624K, 99% used [0x00000000eeb80000,0x00000000f054c958,0x00000000f0580000)
  to   space 29184K, 0% used [0x00000000ecc80000,0x00000000ecc80000,0x00000000ee900000)
 ParOldGen       total 322560K, used 211632K [0x00000000c0000000, 0x00000000d3b00000, 0x00000000eab00000)
  object space 322560K, 65% used [0x00000000c0000000,0x00000000cceac0b0,0x00000000d3b00000)
 Metaspace       used 67178K, committed 68416K, reserved 1114112K
  class space    used 7137K, committed 7680K, reserved 1048576K
}
Event: 54.272 GC heap after
{Heap after GC invocations=109 (full 10):
 PSYoungGen      total 63488K, used 29152K [0x00000000eab00000, 0x00000000f1080000, 0x0000000100000000)
  eden space 34304K, 0% used [0x00000000eab00000,0x00000000eab00000,0x00000000ecc80000)
  from space 29184K, 99% used [0x00000000ecc80000,0x00000000ee8f8288,0x00000000ee900000)
  to   space 34816K, 0% used [0x00000000eee80000,0x00000000eee80000,0x00000000f1080000)
 ParOldGen       total 322560K, used 215672K [0x00000000c0000000, 0x00000000d3b00000, 0x00000000eab00000)
  object space 322560K, 66% used [0x00000000c0000000,0x00000000cd29e248,0x00000000d3b00000)
 Metaspace       used 67178K, committed 68416K, reserved 1114112K
  class space    used 7137K, committed 7680K, reserved 1048576K
}
Event: 54.419 GC heap before
{Heap before GC invocations=110 (full 10):
 PSYoungGen      total 63488K, used 63456K [0x00000000eab00000, 0x00000000f1080000, 0x0000000100000000)
  eden space 34304K, 100% used [0x00000000eab00000,0x00000000ecc80000,0x00000000ecc80000)
  from space 29184K, 99% used [0x00000000ecc80000,0x00000000ee8f8288,0x00000000ee900000)
  to   space 34816K, 0% used [0x00000000eee80000,0x00000000eee80000,0x00000000f1080000)
 ParOldGen       total 322560K, used 215672K [0x00000000c0000000, 0x00000000d3b00000, 0x00000000eab00000)
  object space 322560K, 66% used [0x00000000c0000000,0x00000000cd29e248,0x00000000d3b00000)
 Metaspace       used 67183K, committed 68416K, reserved 1114112K
  class space    used 7137K, committed 7680K, reserved 1048576K
}
Event: 54.446 GC heap after
{Heap after GC invocations=110 (full 10):
 PSYoungGen      total 67072K, used 30157K [0x00000000eab00000, 0x00000000f0c80000, 0x0000000100000000)
  eden space 36352K, 0% used [0x00000000eab00000,0x00000000eab00000,0x00000000ece80000)
  from space 30720K, 98% used [0x00000000eee80000,0x00000000f0bf3590,0x00000000f0c80000)
  to   space 31744K, 0% used [0x00000000ece80000,0x00000000ece80000,0x00000000eed80000)
 ParOldGen       total 322560K, used 221947K [0x00000000c0000000, 0x00000000d3b00000, 0x00000000eab00000)
  object space 322560K, 68% used [0x00000000c0000000,0x00000000cd8beeb8,0x00000000d3b00000)
 Metaspace       used 67183K, committed 68416K, reserved 1114112K
  class space    used 7137K, committed 7680K, reserved 1048576K
}
Event: 54.668 GC heap before
{Heap before GC invocations=111 (full 10):
 PSYoungGen      total 67072K, used 66509K [0x00000000eab00000, 0x00000000f0c80000, 0x0000000100000000)
  eden space 36352K, 100% used [0x00000000eab00000,0x00000000ece80000,0x00000000ece80000)
  from space 30720K, 98% used [0x00000000eee80000,0x00000000f0bf3590,0x00000000f0c80000)
  to   space 31744K, 0% used [0x00000000ece80000,0x00000000ece80000,0x00000000eed80000)
 ParOldGen       total 322560K, used 221947K [0x00000000c0000000, 0x00000000d3b00000, 0x00000000eab00000)
  object space 322560K, 68% used [0x00000000c0000000,0x00000000cd8beeb8,0x00000000d3b00000)
 Metaspace       used 67183K, committed 68416K, reserved 1114112K
  class space    used 7137K, committed 7680K, reserved 1048576K
}
Event: 54.713 GC heap after
{Heap after GC invocations=111 (full 10):
 PSYoungGen      total 68096K, used 31722K [0x00000000eab00000, 0x00000000f1e00000, 0x0000000100000000)
  eden space 36352K, 0% used [0x00000000eab00000,0x00000000eab00000,0x00000000ece80000)
  from space 31744K, 99% used [0x00000000ece80000,0x00000000eed7a840,0x00000000eed80000)
  to   space 39424K, 0% used [0x00000000ef780000,0x00000000ef780000,0x00000000f1e00000)
 ParOldGen       total 322560K, used 227921K [0x00000000c0000000, 0x00000000d3b00000, 0x00000000eab00000)
  object space 322560K, 70% used [0x00000000c0000000,0x00000000cde946f0,0x00000000d3b00000)
 Metaspace       used 67183K, committed 68416K, reserved 1114112K
  class space    used 7137K, committed 7680K, reserved 1048576K
}
Event: 54.883 GC heap before
{Heap before GC invocations=112 (full 10):
 PSYoungGen      total 68096K, used 68074K [0x00000000eab00000, 0x00000000f1e00000, 0x0000000100000000)
  eden space 36352K, 100% used [0x00000000eab00000,0x00000000ece80000,0x00000000ece80000)
  from space 31744K, 99% used [0x00000000ece80000,0x00000000eed7a840,0x00000000eed80000)
  to   space 39424K, 0% used [0x00000000ef780000,0x00000000ef780000,0x00000000f1e00000)
 ParOldGen       total 322560K, used 227921K [0x00000000c0000000, 0x00000000d3b00000, 0x00000000eab00000)
  object space 322560K, 70% used [0x00000000c0000000,0x00000000cde946f0,0x00000000d3b00000)
 Metaspace       used 67183K, committed 68416K, reserved 1114112K
  class space    used 7137K, committed 7680K, reserved 1048576K
}
Event: 54.933 GC heap after
{Heap after GC invocations=112 (full 10):
 PSYoungGen      total 71680K, used 32375K [0x00000000eab00000, 0x00000000f1780000, 0x0000000100000000)
  eden space 38912K, 0% used [0x00000000eab00000,0x00000000eab00000,0x00000000ed100000)
  from space 32768K, 98% used [0x00000000ef780000,0x00000000f171def0,0x00000000f1780000)
  to   space 34304K, 0% used [0x00000000ed480000,0x00000000ed480000,0x00000000ef600000)
 ParOldGen       total 322560K, used 234777K [0x00000000c0000000, 0x00000000d3b00000, 0x00000000eab00000)
  object space 322560K, 72% used [0x00000000c0000000,0x00000000ce546690,0x00000000d3b00000)
 Metaspace       used 67183K, committed 68416K, reserved 1114112K
  class space    used 7137K, committed 7680K, reserved 1048576K
}
Event: 55.647 GC heap before
{Heap before GC invocations=113 (full 10):
 PSYoungGen      total 71680K, used 71287K [0x00000000eab00000, 0x00000000f1780000, 0x0000000100000000)
  eden space 38912K, 100% used [0x00000000eab00000,0x00000000ed100000,0x00000000ed100000)
  from space 32768K, 98% used [0x00000000ef780000,0x00000000f171def0,0x00000000f1780000)
  to   space 34304K, 0% used [0x00000000ed480000,0x00000000ed480000,0x00000000ef600000)
 ParOldGen       total 322560K, used 234777K [0x00000000c0000000, 0x00000000d3b00000, 0x00000000eab00000)
  object space 322560K, 72% used [0x00000000c0000000,0x00000000ce546690,0x00000000d3b00000)
 Metaspace       used 67183K, committed 68416K, reserved 1114112K
  class space    used 7137K, committed 7680K, reserved 1048576K
}
Event: 55.689 GC heap after
{Heap after GC invocations=113 (full 10):
 PSYoungGen      total 75776K, used 34297K [0x00000000eab00000, 0x00000000f2680000, 0x0000000100000000)
  eden space 41472K, 0% used [0x00000000eab00000,0x00000000eab00000,0x00000000ed380000)
  from space 34304K, 99% used [0x00000000ed480000,0x00000000ef5fe4d0,0x00000000ef600000)
  to   space 42496K, 0% used [0x00000000efd00000,0x00000000efd00000,0x00000000f2680000)
 ParOldGen       total 322560K, used 241126K [0x00000000c0000000, 0x00000000d3b00000, 0x00000000eab00000)
  object space 322560K, 74% used [0x00000000c0000000,0x00000000ceb79840,0x00000000d3b00000)
 Metaspace       used 67183K, committed 68416K, reserved 1114112K
  class space    used 7137K, committed 7680K, reserved 1048576K
}
Event: 55.944 GC heap before
{Heap before GC invocations=114 (full 10):
 PSYoungGen      total 75776K, used 75769K [0x00000000eab00000, 0x00000000f2680000, 0x0000000100000000)
  eden space 41472K, 100% used [0x00000000eab00000,0x00000000ed380000,0x00000000ed380000)
  from space 34304K, 99% used [0x00000000ed480000,0x00000000ef5fe4d0,0x00000000ef600000)
  to   space 42496K, 0% used [0x00000000efd00000,0x00000000efd00000,0x00000000f2680000)
 ParOldGen       total 322560K, used 241126K [0x00000000c0000000, 0x00000000d3b00000, 0x00000000eab00000)
  object space 322560K, 74% used [0x00000000c0000000,0x00000000ceb79840,0x00000000d3b00000)
 Metaspace       used 67183K, committed 68416K, reserved 1114112K
  class space    used 7137K, committed 7680K, reserved 1048576K
}
Event: 55.981 GC heap after
{Heap after GC invocations=114 (full 10):
 PSYoungGen      total 78848K, used 34631K [0x00000000eab00000, 0x00000000f1f00000, 0x0000000100000000)
  eden space 44032K, 0% used [0x00000000eab00000,0x00000000eab00000,0x00000000ed600000)
  from space 34816K, 99% used [0x00000000efd00000,0x00000000f1ed1da0,0x00000000f1f00000)
  to   space 36864K, 0% used [0x00000000ed700000,0x00000000ed700000,0x00000000efb00000)
 ParOldGen       total 322560K, used 249486K [0x00000000c0000000, 0x00000000d3b00000, 0x00000000eab00000)
  object space 322560K, 77% used [0x00000000c0000000,0x00000000cf3a38e8,0x00000000d3b00000)
 Metaspace       used 67183K, committed 68416K, reserved 1114112K
  class space    used 7137K, committed 7680K, reserved 1048576K
}
Event: 56.235 GC heap before
{Heap before GC invocations=115 (full 10):
 PSYoungGen      total 78848K, used 78663K [0x00000000eab00000, 0x00000000f1f00000, 0x0000000100000000)
  eden space 44032K, 100% used [0x00000000eab00000,0x00000000ed600000,0x00000000ed600000)
  from space 34816K, 99% used [0x00000000efd00000,0x00000000f1ed1da0,0x00000000f1f00000)
  to   space 36864K, 0% used [0x00000000ed700000,0x00000000ed700000,0x00000000efb00000)
 ParOldGen       total 322560K, used 249486K [0x00000000c0000000, 0x00000000d3b00000, 0x00000000eab00000)
  object space 322560K, 77% used [0x00000000c0000000,0x00000000cf3a38e8,0x00000000d3b00000)
 Metaspace       used 67183K, committed 68416K, reserved 1114112K
  class space    used 7137K, committed 7680K, reserved 1048576K
}
Event: 56.275 GC heap after
{Heap after GC invocations=115 (full 10):
 PSYoungGen      total 81920K, used 36854K [0x00000000eab00000, 0x00000000f3780000, 0x0000000100000000)
  eden space 45056K, 0% used [0x00000000eab00000,0x00000000eab00000,0x00000000ed700000)
  from space 36864K, 99% used [0x00000000ed700000,0x00000000efafd858,0x00000000efb00000)
  to   space 48640K, 0% used [0x00000000f0800000,0x00000000f0800000,0x00000000f3780000)
 ParOldGen       total 322560K, used 258949K [0x00000000c0000000, 0x00000000d3b00000, 0x00000000eab00000)
  object space 322560K, 80% used [0x00000000c0000000,0x00000000cfce1570,0x00000000d3b00000)
 Metaspace       used 67183K, committed 68416K, reserved 1114112K
  class space    used 7137K, committed 7680K, reserved 1048576K
}
Event: 56.399 GC heap before
{Heap before GC invocations=116 (full 10):
 PSYoungGen      total 81920K, used 81910K [0x00000000eab00000, 0x00000000f3780000, 0x0000000100000000)
  eden space 45056K, 100% used [0x00000000eab00000,0x00000000ed700000,0x00000000ed700000)
  from space 36864K, 99% used [0x00000000ed700000,0x00000000efafd858,0x00000000efb00000)
  to   space 48640K, 0% used [0x00000000f0800000,0x00000000f0800000,0x00000000f3780000)
 ParOldGen       total 322560K, used 258949K [0x00000000c0000000, 0x00000000d3b00000, 0x00000000eab00000)
  object space 322560K, 80% used [0x00000000c0000000,0x00000000cfce1570,0x00000000d3b00000)
 Metaspace       used 67183K, committed 68416K, reserved 1114112K
  class space    used 7137K, committed 7680K, reserved 1048576K
}
Event: 56.454 GC heap after
{Heap after GC invocations=116 (full 10):
 PSYoungGen      total 95232K, used 46354K [0x00000000eab00000, 0x00000000f3600000, 0x0000000100000000)
  eden space 48128K, 0% used [0x00000000eab00000,0x00000000eab00000,0x00000000eda00000)
  from space 47104K, 98% used [0x00000000f0800000,0x00000000f3544bf8,0x00000000f3600000)
  to   space 47104K, 0% used [0x00000000eda00000,0x00000000eda00000,0x00000000f0800000)
 ParOldGen       total 322560K, used 265827K [0x00000000c0000000, 0x00000000d3b00000, 0x00000000eab00000)
  object space 322560K, 82% used [0x00000000c0000000,0x00000000d0398ed0,0x00000000d3b00000)
 Metaspace       used 67183K, committed 68416K, reserved 1114112K
  class space    used 7137K, committed 7680K, reserved 1048576K
}

